Build started 9/24/2016 12:00:48 AM.
     1>Project "C:\Users\Stephen\Documents\Visual Studio 2015\Projects\StealthGame\src\MSCV\StealthGame.vcxproj" on node 2 (Build target(s)).
     1>InitializeBuildStatus:
         Touching "C:\Users\Stephen\Documents\Visual Studio 2015\Projects\StealthGame\src\MSCV\..\..\Temp\UNTITLED_GAMEx64Debug\UNTITLED_GAME.tlog\unsuccessfulbuild".
       ClCompile:
         All outputs are up-to-date.
       Link:
         C:\Program Files (x86)\Microsoft Visual Studio 14.0\VC\bin\link.exe /ERRORREPORT:PROMPT /OUT:"C:\Users\Stephen\Documents\Visual Studio 2015\Projects\StealthGame\src\MSCV\..\..\Game\UNTITLED_GAME.exe" /INCREMENTAL /NOLOGO /LIBPATH:"C:\Users\Stephen\Documents\Visual Studio 2015\Projects\StealthGame\Engine\lib" SDL2.lib SDL2main.lib SOILDebug.lib OpenGL32.lib glew32.lib freetype.lib kernel32.lib user32.lib gdi32.lib winspool.lib comdlg32.lib advapi32.lib shell32.lib ole32.lib oleaut32.lib uuid.lib odbc32.lib odbccp32.lib /MANIFEST /MANIFESTUAC:"level='asInvoker' uiAccess='false'" /manifest:embed /Debug /PDB:"C:\Users\Stephen\Documents\Visual Studio 2015\Projects\StealthGame\src\MSCV\..\..\Game\UNTITLED_GAME.pdb" /TLBID:1 /DYNAMICBASE /NXCOMPAT /IMPLIB:"C:\Users\Stephen\Documents\Visual Studio 2015\Projects\StealthGame\src\MSCV\..\..\Game\UNTITLED_GAME.lib" /MACHINE:X64 "C:\Users\Stephen\Documents\Visual Studio 2015\Projects\StealthGame\src\MSCV\..\..\Temp\UNTITLED_GAMEx64Debug\tinyxml2.obj"
         "C:\Users\Stephen\Documents\Visual Studio 2015\Projects\StealthGame\src\MSCV\..\..\Temp\UNTITLED_GAMEx64Debug\BillboardMaterial.obj"
         "C:\Users\Stephen\Documents\Visual Studio 2015\Projects\StealthGame\src\MSCV\..\..\Temp\UNTITLED_GAMEx64Debug\Camera.obj"
         "C:\Users\Stephen\Documents\Visual Studio 2015\Projects\StealthGame\src\MSCV\..\..\Temp\UNTITLED_GAMEx64Debug\Engine.obj"
         "C:\Users\Stephen\Documents\Visual Studio 2015\Projects\StealthGame\src\MSCV\..\..\Temp\UNTITLED_GAMEx64Debug\EntityManager.obj"
         "C:\Users\Stephen\Documents\Visual Studio 2015\Projects\StealthGame\src\MSCV\..\..\Temp\UNTITLED_GAMEx64Debug\EventDispatcher.obj"
         "C:\Users\Stephen\Documents\Visual Studio 2015\Projects\StealthGame\src\MSCV\..\..\Temp\UNTITLED_GAMEx64Debug\Font.obj"
         "C:\Users\Stephen\Documents\Visual Studio 2015\Projects\StealthGame\src\MSCV\..\..\Temp\UNTITLED_GAMEx64Debug\GameObject.obj"
         "C:\Users\Stephen\Documents\Visual Studio 2015\Projects\StealthGame\src\MSCV\..\..\Temp\UNTITLED_GAMEx64Debug\GameScene.obj"
         "C:\Users\Stephen\Documents\Visual Studio 2015\Projects\StealthGame\src\MSCV\..\..\Temp\UNTITLED_GAMEx64Debug\InputAction.obj"
         "C:\Users\Stephen\Documents\Visual Studio 2015\Projects\StealthGame\src\MSCV\..\..\Temp\UNTITLED_GAMEx64Debug\InputAxis.obj"
         "C:\Users\Stephen\Documents\Visual Studio 2015\Projects\StealthGame\src\MSCV\..\..\Temp\UNTITLED_GAMEx64Debug\InputManager.obj"
         "C:\Users\Stephen\Documents\Visual Studio 2015\Projects\StealthGame\src\MSCV\..\..\Temp\UNTITLED_GAMEx64Debug\InputMap.obj"
         "C:\Users\Stephen\Documents\Visual Studio 2015\Projects\StealthGame\src\MSCV\..\..\Temp\UNTITLED_GAMEx64Debug\KeyboardHandler.obj"
         "C:\Users\Stephen\Documents\Visual Studio 2015\Projects\StealthGame\src\MSCV\..\..\Temp\UNTITLED_GAMEx64Debug\main.obj"
         "C:\Users\Stephen\Documents\Visual Studio 2015\Projects\StealthGame\src\MSCV\..\..\Temp\UNTITLED_GAMEx64Debug\Material.obj"
         "C:\Users\Stephen\Documents\Visual Studio 2015\Projects\StealthGame\src\MSCV\..\..\Temp\UNTITLED_GAMEx64Debug\Mesh.obj"
         "C:\Users\Stephen\Documents\Visual Studio 2015\Projects\StealthGame\src\MSCV\..\..\Temp\UNTITLED_GAMEx64Debug\PlayerController.obj"
         "C:\Users\Stephen\Documents\Visual Studio 2015\Projects\StealthGame\src\MSCV\..\..\Temp\UNTITLED_GAMEx64Debug\Renderer.obj"
         "C:\Users\Stephen\Documents\Visual Studio 2015\Projects\StealthGame\src\MSCV\..\..\Temp\UNTITLED_GAMEx64Debug\RenderSystem.obj"
         "C:\Users\Stephen\Documents\Visual Studio 2015\Projects\StealthGame\src\MSCV\..\..\Temp\UNTITLED_GAMEx64Debug\ResourceManager.obj"
         "C:\Users\Stephen\Documents\Visual Studio 2015\Projects\StealthGame\src\MSCV\..\..\Temp\UNTITLED_GAMEx64Debug\Shader.obj"
         "C:\Users\Stephen\Documents\Visual Studio 2015\Projects\StealthGame\src\MSCV\..\..\Temp\UNTITLED_GAMEx64Debug\Sprite.obj"
         "C:\Users\Stephen\Documents\Visual Studio 2015\Projects\StealthGame\src\MSCV\..\..\Temp\UNTITLED_GAMEx64Debug\TextBox.obj"
         "C:\Users\Stephen\Documents\Visual Studio 2015\Projects\StealthGame\src\MSCV\..\..\Temp\UNTITLED_GAMEx64Debug\TextMaterial.obj"
         "C:\Users\Stephen\Documents\Visual Studio 2015\Projects\StealthGame\src\MSCV\..\..\Temp\UNTITLED_GAMEx64Debug\Texture.obj"
         "C:\Users\Stephen\Documents\Visual Studio 2015\Projects\StealthGame\src\MSCV\..\..\Temp\UNTITLED_GAMEx64Debug\TransformComponent.obj"
         "C:\Users\Stephen\Documents\Visual Studio 2015\Projects\StealthGame\src\MSCV\..\..\Temp\UNTITLED_GAMEx64Debug\Window.obj"
         "C:\Users\Stephen\Documents\Visual Studio 2015\Projects\StealthGame\src\MSCV\..\..\Temp\UNTITLED_GAMEx64Debug\World.obj"
         "C:\Users\Stephen\Documents\Visual Studio 2015\Projects\StealthGame\src\MSCV\..\..\Temp\UNTITLED_GAMEx64Debug\DefaultGameScene.obj"
     1>C:\Users\Stephen\Documents\Visual Studio 2015\Projects\StealthGame\src\MSCV\..\..\Temp\UNTITLED_GAMEx64Debug\tinyxml2.obj : fatal error LNK1112: module machine type 'X86' conflicts with target machine type 'x64'
     1>Done Building Project "C:\Users\Stephen\Documents\Visual Studio 2015\Projects\StealthGame\src\MSCV\StealthGame.vcxproj" (Build target(s)) -- FAILED.

Build FAILED.

Time Elapsed 00:00:01.82
