c:\users\stephen\documents\visual studio 2015\projects\stealthgame\temp\stealthgamewin32debug\vc140.pdb
c:\users\stephen\documents\visual studio 2015\projects\stealthgame\temp\stealthgamewin32debug\vc140.idb
c:\users\stephen\documents\visual studio 2015\projects\stealthgame\temp\stealthgamewin32debug\inputaxis.obj
c:\users\stephen\documents\visual studio 2015\projects\stealthgame\temp\stealthgamewin32debug\inputmanager.obj
c:\users\stephen\documents\visual studio 2015\projects\stealthgame\temp\stealthgamewin32debug\inputmap.obj
c:\users\stephen\documents\visual studio 2015\projects\stealthgame\temp\stealthgamewin32debug\keyboardhandler.obj
c:\users\stephen\documents\visual studio 2015\projects\stealthgame\temp\stealthgamewin32debug\main.obj
c:\users\stephen\documents\visual studio 2015\projects\stealthgame\temp\stealthgamewin32debug\material.obj
c:\users\stephen\documents\visual studio 2015\projects\stealthgame\temp\stealthgamewin32debug\mesh.obj
c:\users\stephen\documents\visual studio 2015\projects\stealthgame\temp\stealthgamewin32debug\playercontroller.obj
c:\users\stephen\documents\visual studio 2015\projects\stealthgame\temp\stealthgamewin32debug\renderer.obj
c:\users\stephen\documents\visual studio 2015\projects\stealthgame\temp\stealthgamewin32debug\resourcemanager.obj
c:\users\stephen\documents\visual studio 2015\projects\stealthgame\temp\stealthgamewin32debug\shader.obj
c:\users\stephen\documents\visual studio 2015\projects\stealthgame\temp\stealthgamewin32debug\camera.obj
c:\users\stephen\documents\visual studio 2015\projects\stealthgame\temp\stealthgamewin32debug\sprite.obj
c:\users\stephen\documents\visual studio 2015\projects\stealthgame\temp\stealthgamewin32debug\spritesystem.obj
c:\users\stephen\documents\visual studio 2015\projects\stealthgame\temp\stealthgamewin32debug\textbox.obj
c:\users\stephen\documents\visual studio 2015\projects\stealthgame\temp\stealthgamewin32debug\textmaterial.obj
c:\users\stephen\documents\visual studio 2015\projects\stealthgame\temp\stealthgamewin32debug\texture.obj
c:\users\stephen\documents\visual studio 2015\projects\stealthgame\temp\stealthgamewin32debug\transformcomponent.obj
c:\users\stephen\documents\visual studio 2015\projects\stealthgame\temp\stealthgamewin32debug\window.obj
c:\users\stephen\documents\visual studio 2015\projects\stealthgame\temp\stealthgamewin32debug\world.obj
c:\users\stephen\documents\visual studio 2015\projects\stealthgame\temp\stealthgamewin32debug\tinyxml2.obj
c:\users\stephen\documents\visual studio 2015\projects\stealthgame\temp\stealthgamewin32debug\engine.obj
c:\users\stephen\documents\visual studio 2015\projects\stealthgame\temp\stealthgamewin32debug\entitymanager.obj
c:\users\stephen\documents\visual studio 2015\projects\stealthgame\temp\stealthgamewin32debug\eventdispatcher.obj
c:\users\stephen\documents\visual studio 2015\projects\stealthgame\temp\stealthgamewin32debug\font.obj
c:\users\stephen\documents\visual studio 2015\projects\stealthgame\temp\stealthgamewin32debug\game.obj
c:\users\stephen\documents\visual studio 2015\projects\stealthgame\temp\stealthgamewin32debug\gameobject.obj
c:\users\stephen\documents\visual studio 2015\projects\stealthgame\temp\stealthgamewin32debug\inputaction.obj
c:\users\stephen\documents\visual studio 2015\projects\stealthgame\game\stealthgame_d.ilk
c:\users\stephen\documents\visual studio 2015\projects\stealthgame\game\stealthgame_d.exe
c:\users\stephen\documents\visual studio 2015\projects\stealthgame\game\stealthgame_d.pdb
c:\users\stephen\documents\visual studio 2015\projects\stealthgame\src\mscv\..\..\game\stealthgame_d.pdb
c:\users\stephen\documents\visual studio 2015\projects\stealthgame\src\mscv\..\..\game\stealthgame_d.exe
c:\users\stephen\documents\visual studio 2015\projects\stealthgame\src\mscv\..\..\game\stealthgame_d.ilk
c:\users\stephen\documents\visual studio 2015\projects\stealthgame\temp\stealthgamewin32debug\stealthgame.tlog\cl.command.1.tlog
c:\users\stephen\documents\visual studio 2015\projects\stealthgame\temp\stealthgamewin32debug\stealthgame.tlog\cl.read.1.tlog
c:\users\stephen\documents\visual studio 2015\projects\stealthgame\temp\stealthgamewin32debug\stealthgame.tlog\cl.write.1.tlog
c:\users\stephen\documents\visual studio 2015\projects\stealthgame\temp\stealthgamewin32debug\stealthgame.tlog\link.command.1.tlog
c:\users\stephen\documents\visual studio 2015\projects\stealthgame\temp\stealthgamewin32debug\stealthgame.tlog\link.read.1.tlog
c:\users\stephen\documents\visual studio 2015\projects\stealthgame\temp\stealthgamewin32debug\stealthgame.tlog\link.write.1.tlog
